<?xml version="1.0" encoding="UTF-8"?>
<testsuite xmlns:xsi="http://www.w3.org/2001/XMLSchema-instance" xsi:noNamespaceSchemaLocation="https://maven.apache.org/surefire/maven-surefire-plugin/xsd/surefire-test-report-3.0.xsd" version="3.0" name="org.example.PlayerTest" time="0.08" tests="10" errors="0" skipped="0" failures="0">
  <properties>
[...]
</properties>
  <testcase name="testGetNameWithEmptyString" classname="org.example.PlayerTest" time="0.001"/>
  <testcase name="testHashCodeWithDifferentNames" classname="org.example.PlayerTest" time="0.005"/>
  <testcase name="testToString" classname="org.example.PlayerTest" time="0.017"/>
  <testcase name="testEqualsWithDifferentObjectType" classname="org.example.PlayerTest" time="0.002"/>
  <testcase name="testPlayerHashCodeInequality" classname="org.example.PlayerTest" time="0.001"/>
  <testcase name="testPlayerHashCode" classname="org.example.PlayerTest" time="0.001"/>
  <testcase name="getName" classname="org.example.PlayerTest" time="0.021"/>
  <testcase name="testEqualsWithDifferentNames" classname="org.example.PlayerTest" time="0.001"/>
  <testcase name="testEqualsWithSameObject" classname="org.example.PlayerTest" time="0.008"/>
  <testcase name="testEqualsWithNull" classname="org.example.PlayerTest" time="0.002"/>
</testsuite>